Case #1:
109145.340814
93933.323226
34408.431482
44847.530745
34736.980167
36578.645709
49527.659287
56258.654825
55849.988097
6830.727755
49896.959827
45100.302932
2165.207440
45528.015810
43105.301945
75806.638665
53260.211696
34639.155894
20756.415002
27597.434232
71799.570797
68977.283114
42750.478549
25832.653224
52123.115324
95050.808185
86072.887295
19171.614165
23712.474865
63541.774797
60376.647495
64656.071804
133910.212452
72475.276822
195193.955825
17627.287319
337527.206503
28662.690342
33959.749575
Case #2:
831805.000000
1289.810064
1289.810064
1289.810064
1289.810064
2.000000
1289.810064
1289.810064
831805.000000
2.000000
831805.000000
1289.810064
2.000000
1289.810064
831805.000000
1289.810064
2.000000
2.000000
831805.000000
831805.000000
1289.810064
2.000000
2.000000
1289.810064
1289.810064
2.000000
1289.810064
1289.810064
1289.810064
1289.810064
1289.810064
1289.810064
1289.810064
831805.000000
1289.810064
2.000000
1289.810064
1289.810064
2.000000
1289.810064
1289.810064
1289.810064
2.000000
831805.000000
1289.810064
1289.810064
1289.810064
831805.000000
1289.810064
2.000000
2.000000
1289.810064
831805.000000
1289.810064
1289.810064
831805.000000
831805.000000
2.000000
1289.810064
1289.810064
1289.810064
1289.810064
831805.000000
1289.810064
1289.810064
2.000000
831805.000000
1289.810064
1289.810064
1289.810064
1289.810064
1289.810064
1289.810064
1289.810064
1289.810064
1289.810064
1289.810064
2.000000
1289.810064
2.000000
1289.810064
831805.000000
2.000000
831805.000000
2.000000
831805.000000
1289.810064
2.000000
1289.810064
2.000000
1289.810064
Case #3:
149668.298374
41205.461036
19761.989643
41262.272130
56956.415138
139278.930574
2525.167237
36329.797101
21494.798250
48.655710
23302.215081
61201.204365
40218.718158
23924.557515
41262.272130
9535601.460621
19600.906137
173777.452309
18406.130273
3570.369887
21913.616704
24427.595256
20219.411256
2541.401668
8436.758832
23231.355773
109296.803754
107879.882044
133205.332469
35858.651245
304.197049
24625.011841
34115.729440
35399.881469
197.713413
Case #4:
6325.274862
56332.218121
106325.038519
283080.553692
447763.000605
359310.410447
272044.199695
33406.312091
210920.232004
820039.409859
1621922.860782
572776847.306494
235443.692846
1101168.624485
Case #5:
2041.267408
1399.313035
1197922.426590
35783.980358
50094.756239
32312.958201
19993.531302
139233.131182
43833.070960
24641.876520
31360.594057
12502.285813
43391.362284
56806.717291
719246.532111
18255.484092
39843.893148
468212.754880
11984.604691
85747.941938
25569.296973
900694.068480
4096.812485
53884.121186
28698.880002
29467.339363
29382.603977
111.598719
34670.839224
11556.021779
57017.964324
11110.513337
32680.154093
22953.597471
82191.626623
11260.087394
13377.567602
38464.802062
32878.459573
6371343.983591
23664.732219
17924.087642
558.842067
58339.535524
28995.114118
41069.093373
94144.776540
44341.842152
29489.626028
101850.727167
29258.881884
13586.117754
22541.281266
4350.014477
1745.529784
209.417699
6371343.983591
56462.856212
11939746.512086
4305.731056
11539.000000
19586.454642
28936.837147
65850.140000
68156.593881
12093.421995
28358.858992
9793.332419
46978.237752
Case #6:
29655.665759
34609.685089
39657.993153
35626.206361
31694.891200
44383.224562
30584.049583
42674.271699
27954.152687
31533.027178
30419.523365
37531.480473
33316.760473
4014.726022
29010.740868
30897.036723
12155.757346
33754.701553
33760.674964
2878.345726
29046.747503
31427.551550
38345.071213
29797.792745
30338.374009
3564.995236
39220.056261
26461.361064
31204.428021
49589.387704
60382.179633
34994.748349
12871.682367
30081.241777
20707.874415
33073.703650
50622.591107
28548.103037
39683.156497
32179.710196
28321.039640
26242.386265
23220.774205
27334.635038
40185.859111
51404.974639
81491.569798
50429.413953
3940.916413
33061.685946
47329.891064
49801.785944
62163.414895
21794.670779
19084.280033
28160.262223
83271.497048
34250.914452
54799.251553
35820.544266
33104.669626
17808.836656
8633.500602
28158.382404
38818.617324
27226.843083
55654.132734
29127.789584
33960.763929
40161.563962
38050.024567
28233.018886
13675.117475
187728.102489
44488.692510
22444.571442
20726.643623
30413.637720
26611.404738
30785.737379
24856.752986
31866.656379
33933.090236
34145.946880
42983.778927
31369.499245
24114.160912
41425.052929
31557.860099
19071.663597
88859.778498
36216.371032
33551.294327
21496.852490
21869.166893
29849.593184
155924.705352
23352.317660
35202.373371
32429.945576
Case #7:
57992.522506
61367.438528
48508.776005
57963.291114
46661.954092
156530.706453
44551.473427
77528.515691
236587.632745
65577.102728
37998.817315
94931.934158
31952.468946
58227.956867
54519.379166
43975.272092
48302.875965
53802.580707
55808.366501
50893.129323
54330.017533
55350.619668
52320.525396
54728.798518
46219.121631
54014.151797
53488.234235
52667.191145
45809.157684
54846.548046
50328.529630
32990.475100
53734.317624
79077.020649
55502.344719
79860.889207
61699.403131
80464.994544
62846.047144
54638.619585
49290.820640
45147.991350
50762.407602
64079.220424
59035.831035
57615.606005
67971.673640
51547.531218
32893.614759
45149.276054
75377.075821
43483.827708
55886.063025
49238.302032
56432.202135
99369.879836
78854.003181
99418.163276
50217.812330
25273.360013
50530.955096
47330.527087
46214.011286
70869.593243
88093.696696
69456.672077
77842.019256
53722.046045
51422.326354
61821.585746
58908.432473
26688.463388
53204.330376
3322626.443393
57779.027644
50573.408834
51672.513165
59425.376081
57738.310121
116855.158893
45270.112360
41349.571110
49645.227727
45503.993344
75001.306777
5778.735510
23446.198459
47732.389107
54539.204363
60304.147402
55885.323926
59731.406453
52071.031005
51377.361563
53673.369004
44436.669223
67339.670808
56774.056184
38595.785441
55267.791568
Case #8:
1032.665041
29170.708377
36302.625030
Case #9:
5724246.675328
181.016574
1.000000
Case #10:
3479.032378
37008.516862
21522.216152
9043.920698
22792.657249
11536.136763
576328.124052
514.562921
65283.023335
14593.713945
30.215808
15556.543855
6392.394488
339.788169
5682.305205
5.000000
3235.428803
28253.420194
69650.663090
12122.735206
6162.378679
15182.409803
1171.370585
33064.123964
43828.513551
927.616300
530.939680
65629.059501
12470.935058
Case #11:
52000.884002
107847.836365
21544.407257
48938.171797
33473.068205
17167.737167
77484.804758
28807.553562
14710.170188
26457.391599
9273.902863
38547.424362
40879.617127
43534.340657
27217.743769
39678.713836
28408.111012
19144.951314
34149.338142
38277.532227
41934.360898
249661.892244
39315.831754
32959.437673
57835.022685
44533.693516
33469.955546
25809.795162
44187.100326
67215.012233
193036.280649
27721.102509
94771.514639
48609.707844
21305.925625
35306.738736
14487.632992
25889.822835
43150.257092
25258.969613
80431.360158
56388.528125
70556.408690
24510.252450
37680.728718
26138.619448
100918.143446
76821.447965
37591.057303
67473.070804
43390.566889
35209.275398
31229.036579
41889.485211
42233.208782
68069.356501
83446.844219
30653.268912
85664.846471
22855.069715
59058.950289
38782.885660
43529.947898
30950.909784
68406.347229
25699.767311
51708.449916
61987.469220
21353.032625
24025.134613
27930.197744
106906.136767
41289.477438
35900.854992
66338.106251
31297.762910
11647.863302
75991.981801
25455.936653
53737.046598
40121.570651
195444.173873
37075.004902
56556.748819
36333.392326
25306.481851
35397.917335
51757.344969
385551.229972
32350.871184
38963.008526
33492.451329
13916.918238
29895.410598
29777.821185
22957.934076
118454.452926
48739.251316
47468.825311
141463.727900
Case #12:
31598.626656
5413.476356
7117.171663
12212.953242
11336.294582
3814.336381
10256.104977
26661.826905
29929.695547
24351.160158
39136.945808
41316.969082
1540.226978
5998.750096
11490.729637
5876.670433
85922.059623
7878.965382
8722.989510
7953.639771
9131.930688
29255.192379
8839.030315
6874.614475
13749.258099
9841.462144
8682.960148
13223.154095
2942.501406
7794.637092
7366.707152
6363.321865
9801.124289
7196.218570
9827.458004
4130.692558
7216.834291
10764.994261
26290.307369
60495.841275
45328.069081
770.311933
12742.090191
38060.904659
79189.875495
5725.343496
5121.111572
6138.522044
1104.569729
12173.474376
44283.985964
20070.987878
3165.908803
39634.148271
49227.557711
10491.609541
6159.398885
29380.174539
10593.773326
7.000000
10257.097233
8663.513973
3065.547883
Case #13:
131300.370040
521296.984562
725087.359411
134890.349529
82543.648096
238316.274756
148772.070153
41455.583214
75129.468795
206916.420935
542718.671538
8824.411542
370694.565986
247.397442
68832.953513
17356.399750
59101.748359
19472.084842
2329827.021430
8765.620099
23186.401003
2384627.703472
150457.754629
41198.357209
183205.077248
263302.916032
108263.627372
163837.517796
111669.061016
287401.637535
217771.122712
227773.169728
162653.466257
17310309.154899
3673.030749
22719.430956
90053.158370
388281.783127
575646.111904
35749.258731
834920.316351
16424.301501
180252.088301
1641153.676992
276026.840790
359299.451759
64589.630270
352646.897965
369461.129701
544683.930612
617675.786838
164630.827332
63861.385213
105126.437793
59488186.412063
57211.963384
224410.711763
377134.278105
30228.780791
49120.750751
165440.350946
34795.155947
196130.630119
35262.419373
191236.440380
260307.496459
22271.516369
18680.412218
33145.983061
13234.040739
394359.658474
Case #14:
44025.773756
64489.092838
48783.939754
76443.203771
54567.263860
50478.108242
56441.096991
92153.832201
50158.049084
56588.980070
50174.224572
21358.259821
94586.082928
36542.194439
25583.090272
135851.088641
Case #15:
7131.258283
2388.876301
12507.711752
5356.964470
7716.644542
5310.870854
409296.106127
27285.906587
9858.539823
7324.424515
191.113754
8605.559117
14945.959739
4559.034691
2166709.409987
14719.275052
9291.075848
10310.009549
10682.224697
47648.939923
20842.197440
8245.291833
37937.705717
2082.823841
11736.956165
11093.136316
17805.654411
1650.645584
9165.357009
12516.740269
9761.444037
6660.853307
729914.835319
264.122897
18435.961997
15595.823148
13980.638517
26635.875271
12505.438235
10117.959598
13310.381441
1147.171891
2420.320814
7595.957471
16110.535667
18212.366970
22863.115167
8207.168265
3547.779155
27445.476145
7713.528429
6797.410465
1451358.696169
2111.396818
8613.509235
62351.713201
16234.964928
2099984.880033
42118.446106
29486.081611
3672.518144
2808.952226
55697.709163
9217.396914
11463.357240
40615.983389
7887930.804106
4839.352483
4047.504933
8609.886898
1205.566660
8740.929993
44453.102293
1499.643320
12914.991335
3933.757330
9173.867927
Case #16:
19836.726686
20992.146294
135452.724586
12393.913220
3414032.661120
16644.850248
37567.588020
95534.396861
7494.894829
320811.487401
33865.509101
95059.282390
11124.274958
302937.536644
37389.702648
345161.349965
203647.834377
87275.163598
350572202.000000
142718.317717
76127.053338
30824.542954
92276.967249
1363912.315050
4011130.664896
628486.234536
106734.937818
90020.590571
330668402.908551
802265.712373
139137997.186588
68074.349383
21490.161993
54797.323813
133094.836580
247822.146119
29530.549892
560577.310696
23701.679005
40312.936246
37066.760098
119378.644344
34342.087380
713946.855704
64990.015372
45560.440168
1220004.359451
35833.926679
419824.939378
108913.024419
69626.739123
1529191.066919
16205.996082
42116.033525
139026.884743
372.225743
424651.703035
1307844.274407
21253.669116
345161.349965
36190.950289
31347.850640
708589.081706
69862.942313
8039.612595
87502.315575
2576864.222681
8064.000000
92749.694614
45405.377351
35650.133877
32534.009621
109464.037308
51445.816683
81260.385351
90150.489587
85246.086476
105375.389168
51732.485515
306047.136807
33295.696497
61069.853331
6321.516446
82213.669443
23292.244681
92197.000000
78036.478649
9723.040003
51572.086411
37397.146139
79807.301023
45590.032499
127259.539244
44713.679257
92218.995471
Case #17:
18581.672236
4615.023213
92140.411691
23317.267539
2859.436057
27071.867671
1265.594737
106172.223440
22449.019170
24210.464208
25371.303557
13579.547038
37358.183634
6018681.315336
716.219411
29007.145054
55120.374173
20730.137230
64857.602880
4664.282331
171621.298095
3511.206604
4102.360702
567329273.778590
31767.506261
13069.257199
208248.974219
31413.491495
53289.200772
21911.251427
12981.500538
173691.986527
87093.740107
79079.417540
30530.874920
21468.053172
16536.752692
16157.678949
12766.979625
23613.107408
44685.383621
43545.134421
60607.644897
27879.134717
44651.518359
14289.688386
9419.085344
19552.561196
Case #18:
95298.718048
73690.028633
53397.676060
5468.967093
1459518.535526
13687.539644
75976.025218
712091.800603
4388.818243
59311.816401
55621.030040
78371.281042
2599.489424
19826.873112
2592.174973
231686.177600
55024.222135
161047.523247
150997.099986
221949.361228
10509.438562
7101.785847
82702.049852
24797.447190
54028.045030
11827065.994472
156385.930508
45083.262226
100237.400468
11827065.994472
28423.323184
10239.288845
113188.811160
23573.974195
63657.798716
22777.359402
3021027.919538
108628.644846
2521.271276
1912648.144612
107.450917
19018.991630
76502.978385
21888.676720
267035.224885
115272.461062
370965.598044
175484.335749
47106.483298
42480.941916
Case #19:
85033.800427
1132.255579
8260.563396
311828.010774
36747.030674
58389.827380
12880.179094
6416.569165
5394.990027
8129.862309
386.921430
163740.797931
20059.942419
11724.674625
16432.099718
970.019461
8320.352664
15781.844501
24048.959271
12195.308553
16400.302919
109285.602512
7037.787430
10701.229983
6685.774195
30018.229303
25156.434486
9084.829442
42572.186851
16299.995591
9816.625073
13639.117423
13778.169052
11512.837910
18504.390405
254548.575558
26049.122860
15594.436986
3658.257822
7331.987752
11046.672395
11417.954578
9906.527518
153.284843
85804.319479
14104.383718
3716.042044
11227.817415
18807.637769
1217.377472
6317.896257
157260.185718
4489.326714
87144.719490
15425.629062
6777.152169
13610.894252
8845.701098
Case #20:
49585.226970
105266.102273
41590.940817
100293.746916
52344.205714
173596.848281
Case #21:
36422.654776
30922.438430
18999.403970
6487.695525
25021.917632
76867.316018
23580.980882
28851.774300
25603.553663
24144.941262
19744.370667
5323.600430
22107.288098
14875.364083
2173.953036
56154.817020
127806.671815
20681.254343
52017.990429
616948.631255
680.280656
17876.029932
60061.179816
22455.138874
34140.661904
2760.118662
27991.415524
408843.577362
34306.349434
7196.491269
15184.092552
18025.492037
441884855.476855
26883.193640
5899.938023
17938.835244
12036.203434
756.287365
24283.143316
19542.921947
258645.006375
25209.737622
31290.106939
22574.294905
39203.154811
36457.202803
6667.908272
8528.778246
10683.029298
20778.841621
12981.320876
25298.538461
192434.060957
11858.886424
340630.141689
10365.610121
14404.554182
19250.682582
7737.572853
334285.424737
24207.705947
26819.552235
11642588.115684
19924.926964
Case #22:
26765.144528
26309.484244
31618.781010
23992.326623
31178.474682
30600.670752
30493.658164
22323.043738
30905.528579
21743.264640
30671.554340
16164.332053
25938.495356
70157.986859
30924.706174
32181.350890
25587.216108
30888.320039
89524.119215
29990.597067
46695.966135
23745.360772
30141.289820
30206.721214
20600.777175
28040.008434
28236.529706
22164.038659
28688.422719
31630.215790
18152.484688
35189.212046
36321.774772
54460.898217
36665.271126
29865.670985
29236.302146
29970.661025
27236.070560
28481.834279
32127.252745
24755.728755
30964.895626
33174.218759
29414.300026
21649.074515
24351.559747
60634.101087
33600.334495
27447.535640
30458.026047
40596.658951
62702.189020
42772.617612
23686.294729
29822.941989
42853.468478
45023.157464
30242.556541
29799.529976
13973.748690
58338.046346
30224.498289
30265.306898
43737.624101
21677.668530
25259.057653
20936.214797
37846.997324
19402.318202
30535.618656
34940.162318
28348.244869
36679.188834
35820.496227
58088.477046
27690.456454
29798.632166
30250.585917
23767.914418
20009.367203
32043.694004
106071.769696
32675.626643
34244.071638
29845.746085
17830.665114
25879.516816
24086.298765
28346.147398
31613.851320
35423.957997
30519.850754
74389.911026
31644.580986
29731.518245
145695.499360
29928.498676
32579.578407
58476.959299
Case #23:
51222.386811
83394.927412
35441.299146
39586.393766
74490.896944
75832.436550
73799.175813
26975.728375
35207.805608
42271.949139
55544.373613
42348.738028
65570.871755
29892.006868
11937.183839
37541.560400
327205.034205
15047.643839
3493116.326391
47771.487731
39880.403665
34974.977016
42209.668516
40259.449556
26963.446620
38829.783763
45560.138241
35521.899591
32383.526176
46700.131569
56847.598887
80594.616887
25531.123038
38356.272988
66712.686279
41646.857940
10734.345271
33261.157318
78580.088222
1.000000
31136.610134
16600.083792
104816.240971
68825.258488
14373.329452
118499.426317
39437.704362
20222.694307
1826.488938
65990.669926
15834.788294
57044.169775
42156.249128
40644.965772
11003.879224
53746.709176
58429.432187
49863.969111
48571.856267
48713.967673
36017.353029
55359.734305
244887.434748
42539.563851
40859.877339
32237.921605
35774.230498
42176.202643
11403.469469
49720.892431
45647.033281
10498.979573
43824.855740
13281.840837
82747.635585
75659.439108
5213.083443
36118.719814
3320.858007
85876.847090
21029.293233
848627.455460
46865.251963
42301.700515
32826.573254
221683.515344
64715.997592
97156.562317
71293.732951
413388.170837
91601.671143
35860.210404
22143.383581
34400.424997
26570.297566
37581.879441
33179.682756
85760.525445
4990.694624
31638.983519
Case #24:
5334.939030
25464.560132
5331.664691
15761.024834
4978.744130
12716.497480
180660.033596
12166.256445
20116.320831
52429.210036
31514.725680
18883.737727
9615.378977
97902.326260
26103.665908
170482.207787
53946.450576
20491.726362
24841.670049
13962.203863
22226.836651
122342.930739
9128.124100
117212.902078
5919.113623
31088.649862
30041.102948
81367.344767
50000.998612
163405.095226
372714.215109
25849.027499
36873.781873
28413.014471
9714877.098723
42711.965197
107453.777620
Case #25:
40390.828324
35789.547999
37278.264012
43604.683106
37031.696315
41167.718593
64282.192055
60441.350380
20067.069974
56796.654215
18684.409570
35779.560569
53576.938160
29751.863122
43192.560653
34089.816549
38054.185916
38061.912260
34736.786661
60649.082419
45493.988269
69808.729113
50838.759806
40229.282895
53424.313869
39848.962860
39880.387309
41609.605573
36144.163851
46025.584260
4161.695886
42212.369586
37741.410553
31325.516239
81567.258451
32713.964485
23356.802316
57660.860528
18814.988508
47885.005541
5323.058593
56504.160202
41256.578987
40323.921304
46092.757282
30417.719691
50703.462406
44292.912109
35660.281492
46735.160945
99632.715115
18766.554306
37256.676087
8599.674508
46377.261816
60573.395275
42171.230608
55170.440437
56548.478590
49647.744277
41692.666420
42081.472980
48111.301152
48744.317390
43018.288346
73769.680105
42838.083173
39820.407507
10387.746823
34570.642625
32163.216398
44835.322222
38897.415831
40243.671482
7162343.841490
47402.528933
27074.779277
53007.276626
41399.472897
34226.245750
10782.520354
47590.109272
31539.445952
31221.019151
12362.092479
48124.258260
49366.289168
44241.986176
39278.591725
40496.668578
33078.578132
33990.575654
54316.998034
44167.719777
43553.719671
41143.129588
139394.731521
43722.402121
39947.206502
34153.925444
Case #26:
81849.870038
78724.862868
459517.199643
95306.224703
167109.239865
73764.989503
65490.162331
80024.532382
177289.211576
71722.016386
80073.696537
190154.135539
127429.382127
189740.688217
162227.787204
41565.127857
340496.138021
137730.119237
263277.346266
5635749.929520
98211.063731
125129.005895
39807.451686
130401.600666
120353.653622
120913.774008
253267.183995
105855.108595
67515.031929
143983.938373
44247.738784
201578.900282
104149.989052
122429.653987
43678749.537778
62215.527738
4.000000
104891.805906
184087.768509
159599.889606
98783.093277
33715.927909
93302.356650
29917.809783
6715.930424
30088.593331
142168.911084
117765.110180
160104.069453
108211.186396
100781.912226
104136.621637
279102.528765
132731.465258
99724.996898
280856.753317
170074.370489
248642.275762
95065.510268
62448.750472
55405.544468
7826.321174
12994.921154
188663.834425
158644.116795
142651.494020
127117.702852
37410.421440
19741.770436
142678.954483
99269.148211
721125.797995
223672.671335
271960.185846
143862.570752
70619.524802
88265.424372
135265.393783
132087.240204
150708.690282
137410.280682
18105.055326
116920.533311
363855648.000000
1104.145876
104190.781394
128580.927881
164771.415758
861363.474549
9819.702648
115725.330892
9431.059610
135398.208014
16548.220117
151416.687140
Case #27:
236690281.653952
116740.177969
159646.043065
307599.663890
3726255.747814
136876.775082
211572.494862
146966.822491
319357.994912
942895.835229
85349.998126
144786.488663
408345.318747
22079.500703
Case #28:
398565.555786
14430.901071
Case #29:
87785.019216
22398.112394
121.934435
206866.016149
23620.744863
671.924056
15576.405005
40958.278721
10309.171648
147523.536220
21953.642730
22825.039546
18897.838339
11539.769499
183579.463149
228435.600230
4984.738892
2557.183848
19055.136044
65614.425310
260.767606
23700.748837
38428.840657
5748.328986
21469.421215
15052.735416
76852.126145
4090.625113
55550.446454
157692.364785
13447.662220
9560.497681
18034.272120
247.559660
48727.274020
15644.597469
1294585.380245
575479.916538
3529.475785
7856.457286
40092.432143
249.437577
2513.351710
14007.054644
12108.471722
5857.015051
689.747667
12506.750549
17602.681900
Case #30:
30429.471878
28684.432486
50774.834608
26342.325244
27867.755534
47661.600110
35224.616420
28855.738081
26206.178846
10155.054604
21260.203680
46566.127532
21672.161746
23090.664541
12940.772800
26277.036163
39882.978642
34493.783221
27668.903679
36181.572016
43512.771080
586.934987
30887.292631
22045.974610
35197.804520
32683.632028
29505.796207
20568.381453
37953.756937
35577.227522
29881.933863
31608.249015
33658.913386
66247.047669
44633.111825
28880.179935
24076.288885
36074.948044
31138.552955
31117.217796
26595.209858
51853.156872
33423.825173
25490.655469
29097.454157
34828.592341
32767.884542
31879.442442
22062.154684
39856.852835
21254.780832
2820.361899
33647.906791
21845.662874
5070.831465
44238.225294
31957.114673
34430.672354
24585.190039
33256.172356
34888.158915
195411.574345
27014.144657
20245.756265
82333.686312
22220.668290
48360.206302
24225.881539
31999.514152
15311.107171
50701.190689
27003.670300
28709.959801
22405.532181
28651.113197
28402.109741
74771.580021
283707.435570
36069.994126
33104.498131
19635.280320
31028.412812
30651.919609
244023.343506
30703.867634
28429.664792
30474.940652
29087.346853
32062.587269
36470.240785
28464.294745
32436.509082
36142.900208
290478.996971
30252.291577
52636.976979
29242.835757
31945.322457
23831.305052
29417.239736
Case #31:
4452436.962977
51798.068473
328069.166733
18193.989986
74420.392517
57832.881793
46418.090007
50444.834458
176353.389451
15109.766442
18351.365815
39783.322913
120652.185182
57789.090842
32536.010031
85137.169796
50398.000000
19392.206196
12682.465996
79904.574502
940090.315875
68090.674248
19843.409493
21076.821206
128536.276484
36622.786039
40816.827273
46574.378816
761882.903010
22308.266592
102482.862970
81291.590320
25659.637134
31778.152279
69619.017926
81303.719041
42722.971761
99319.386882
23225.419363
48879.885376
65052.974510
24091.981963
47970.206287
5096.633756
22476.335364
57771.938429
39245.110369
15831.417439
13879.136986
42105.044251
41065.243460
15059.321705
63551.225997
24578.517126
36743.105344
46173.907792
45897.436434
47799.246937
40801.271142
31037.524648
42905.290031
34734.702785
18260.590474
63430.160594
96908.053680
922086.358248
51240.842071
26399.603410
33061.501499
26829.036813
28345.205830
21713.716630
28086.064900
31872.377034
32179.859807
20715.003110
46097.162943
178139.049640
49144.339783
6100.900065
289030.248685
45816.679842
4394.063372
91383.825623
Case #32:
35637.019006
69128.100931
119660.589775
77375.829601
26172.061927
124731.154515
102594.630540
57162.593469
71773.949854
260483.741558
10520.683586
126167.154666
114924.525058
3122.734778
106756.584934
19551075.798446
81980.350126
44370.191810
7491.161247
87450.128454
41168.595382
70342.384701
73084.949655
98192.059525
75871.944794
311014.758908
69156.727194
66195.203339
86429.558567
Case #33:
880.661526
42501.944610
168431.973313
14567.083393
21715.085702
12704.722349
63780.028662
16073.088728
7225.255808
4168.478013
17399.294968
1638.156764
3805.261604
1861.623913
28471.426184
23757.872438
10585.451302
4694.172578
24287.601462
2530.294111
35245.087286
4136.916080
13909.203719
18261.855166
18504.581869
2876.084529
33706.455184
7955.285621
36938.425533
12418.970507
13975.929064
18976.346240
23735.121175
1558.807815
446.184649
17322.063909
44512.501151
6401.856548
30169.087148
20493.204331
47285.807833
5390.250825
7622.294890
Case #34:
46107.000090
31743.755692
28354.253422
46466.875421
44570.419591
34417.604799
71825.382142
29570.814928
55406.886471
39952.302678
41795.222737
34053.813832
57733.507059
46278.384053
41878.210890
46519.313484
50884.185959
8029.473545
38370.613863
70811.854982
46906.531636
40097.219319
43046.464690
74023.068206
37288.296646
34997.781543
34796.903514
46931.430258
41362.129092
36518.188817
53735.781822
40115.273230
39998.497195
70597.519355
67070.465395
36244.411427
42584.726107
45471.233883
39367.070101
340710.265661
41686.980694
41109.627983
63770.130707
70179.369997
7976.855932
52019.038482
35491.208476
31268.088531
56376.529972
50326.139653
42039.372933
39192.192463
45881.790866
26930.528574
401418.333481
92065.486394
34855.455658
28171.515807
17858.418887
29676.873180
1873.724660
40621.109931
55212.501329
32562.553336
54014.880693
56601.712785
29905.865702
26557.018340
45412.337351
44893.653964
39604.720953
32074.397170
68924.683271
59081.239858
35358.130160
62798.152972
63388.134072
28545.148325
50760.901212
32257.439847
62664.796808
48774.520417
43117.432330
60578.777655
43525.373603
30670.652301
36092.614918
42179.098146
28661.949565
61066.565849
75163.778080
28851.702298
33618.104181
44830.598910
17377.226021
70304.091352
56972.843354
19743.367840
8598.291782
38398.417143
Case #35:
7889.787230
17283.226607
144793.257279
13131.778500
32771.132472
18263.550151
7889.787230
48467.831653
45271.732861
2996.978807
2641.135319
2811503.613384
24745.534448
28264.534577
11710.022259
10629.598965
7402.641009
15005.609223
11348.805968
54686.142198
464305.226415
7463.314079
23146.150423
900822.496222
28430.209242
17657.735369
108288.639669
46724.603217
11784.613432
29531.859336
15985.759377
14917.531453
20660.242885
25624.486012
36701.299292
22917.082057
39194.418870
2647.563623
25624.486012
9967.300596
25930.733299
682.392849
9538.050174
28858.718214
95.372952
27449.896102
76517.847999
12558.391006
38876.046219
27955.652888
30794.378747
32996.218976
27201.588123
6412.849731
6878.028552
4754.524802
16075.979137
25624.486012
11244.157772
14915.331567
58052.417780
23186.911581
6684.385486
5235.132911
92255.916193
40396.064555
26450.201586
3423.232289
21895.444610
2671.890231
252.834917
20272.616818
3082.022180
76760.284360
28707.133773
37970.495161
39969.429586
204392.761479
725825.196352
23920.993451
39132.439863
16827.242477
33691.398110
12804.948488
6878.028552
29803.145713
6445.915460
4840.289611
37771.648761
19315.436679
69329.160954
12385.809326
21384.885264
Case #36:
127922.617710
4.000000
141754.060719
16579701.405297
921.591016
11540.599186
261859.033027
176018.864194
670489.587183
46780.544699
7193.814005
290391.703875
114333.836019
173374.391629
306518.369426
7846.876234
178342.781584
913333229.000000
423934.586066
161879.589540
167582.013129
2397269.580652
43332.909281
16687.102424
681281.305480
18514.450968
16687.102424
26912.262238
10987.450229
773861.050397
505.936472
31101.552486
75880.000000
599091.774910
24161.226440
12696.512855
598412.614391
4270.257569
529640.968790
148215.289144
25101.651143
1220164.427349
598412.614391
617.888439
3609362.433464
22493768.191445
71741.796464
26912.262238
23702.258292
416.834500
3.000000
167582.013129
16588.182012
155605.091576
467224.700479
349839728.000000
1.000000
124739.135536
66502.301633
1259993.106888
345178.293832
239550.841320
138776.268609
52175.035469
Case #37:
73702.550867
50158.559279
49946.168148
114031.500522
14054.833192
31176.984152
147960.301088
60664.461219
53850673.729453
97461.185729
144931.126310
79182.941981
40879.763193
187717.369442
45775.951209
115051.026393
16553.250680
324413.814556
482111.351897
4376.414922
39287.187731
60899.022451
414352.883552
123868.053125
46743.715349
134690.494754
145935.725612
115958.220419
12729.298704
78488.232254
154672.145571
41613.714179
52102.879393
103638.021433
79016.440814
157745.531000
54944.362702
33206.010939
45851.596946
14096.813062
1345850.161564
115211.062388
1723119.399307
47598.330052
38151.316824
15583.554904
37062.557008
119839.224818
48637.120154
46895.504396
13381021.605209
48861.068883
54444.130863
56082.658182
230990.650225
44422.025849
18062.484718
171349.874244
34700.900180
73224.316935
287712.532582
41285.570591
41991.177730
75446.988713
70733.184073
92882.347583
45826.008880
102700.048832
29411.946594
83541.260570
Case #38:
131071.430328
14219.991469
65338.427704
65267.439551
80590.845688
65377.176046
104503.690110
57593.262233
38249.766027
57750.183892
62469.723306
63582.373238
44280.008590
62322.760782
38604.937280
59867.036281
65508.045874
67465.977351
41724.417059
46336.772582
41361.231668
37743.910815
57077.042535
32678.730705
59322.218351
66122.232494
61403.241996
54803.370618
110896.139055
73053.694734
68664.245898
59152.278349
63391.776020
59969.773847
77505.839041
41087.165284
65889.324130
51944.439781
61775.839388
63005.591004
54105.492140
61150.584222
40424.650318
55541.525120
72764.476573
53073.946979
63187.549696
55418.497765
52995.797807
61170.427990
47700.607655
67099.460709
82260.919110
80814.787819
73299.138889
69183.885406
68314.609448
58759.942347
63595.882070
23621.087887
35768.975338
42746.967561
65815.026032
43373.137044
74138.286965
63610.717600
64038.522782
58307.613801
64160.130578
61439.478215
34342.151639
111233.380945
57840.563510
59524.731321
80632.682952
156219.676223
76071.916248
58471.911587
125495.553786
69529.460961
63579.837838
53120.404425
57848.246480
52265.038201
53330.647951
62043.985981
30647.368981
19211.619130
62498.768031
64933.741134
65681.948147
44177.683969
59139.928404
61999.569696
53900.218742
40187.814359
70988.505295
21656.863732
50365.544621
54419.331601
Case #39:
79312.393497
108664.582547
6379.179524
40322.080418
44656.168024
2360136.773158
41682.469478
139855.143531
52180.453874
85277.836281
62667.508006
120599.307930
68176.127540
61215.085116
101952.771585
43239.057668
42731.247858
41117.589187
49488.291208
154587.004720
29973.619142
46698.168000
67894.392636
54869.396966
74508.963535
43171.483159
59766.169051
57149.535549
29878.668657
47577.889223
52457.170412
18775.672069
41338.294081
46989.005640
28827.635222
51644.357833
21621.889126
145750.335890
47932.072836
45811.830313
32888.525414
51289.608888
51535.448797
59261.122468
123937.442647
17447.542773
32891.933356
54109.817750
44854.620254
154034.566514
53485.830027
54750.451191
48607.264839
48750.718091
86849.673620
60429.078099
68761.332869
29570.932928
72734.455995
58180.671507
62727.949089
87898.098218
49411.807835
40403.700393
64511.396186
108160.208702
69528.166269
52998.328171
45629.983378
53714.421108
40833.374578
45500.643240
135328.776271
56069.911346
61879.325212
87740.574525
9565.145390
54063.433968
56755.321126
165444.647548
64702.295301
120557.181283
37555.391098
67233.616403
39416.347809
96482.216635
49133.181190
26215.752886
56485.108979
48427.154727
48805.014182
39289.165077
50687.442145
31506.230342
93860.414636
59924.439058
50254.545584
45286.100798
83205.016315
60992.450619
Case #40:
400883541.309838
496504069.054642
443704758.485926
Case #41:
62383.741161
198821.225534
43189.161618
56747.856538
7263.538354
37137.509247
1181109.253588
60222.811874
83770.616902
13073.533405
9945.633663
608.210490
59556.368760
52215.793690
47207.996540
72860.025221
25977.190372
103273.201983
50602.582077
296601.188719
4175.110154
18769.290032
9005.403253
237375.405735
21384.141295
57582.802336
16879.388384
35431.225165
334724.453849
25450.069713
108275.331831
53258.756721
14492.378241
6736.386263
42697.799345
20755.958972
98728.546874
15498.197852
61322.945109
60014.943724
28709.286783
185534239.000000
3904.051245
58660.242038
16588.045978
34116.962860
47817.523600
106072.236446
89416.174625
16545.021160
31527.902900
27812.677457
56823.163339
52417.836888
2753.537228
201422.548217
22610.855821
40246.580351
40390.460444
150314.344589
40532.585272
117141.424424
53278.955781
61276.023536
160341.212392
44232.038042
21982.022718
150941.817376
45608.045123
38473.616878
1620643.006275
73604.416913
49909.182789
48795.807535
97202.938606
53233.339426
66799.681012
54113.759448
87182.641223
40629.915971
65052.165846
38716.391349
58568.401261
57932.117643
243070.453059
142966.303893
35865.174365
184.382436
278138.851338
123080.181452
Case #42:
158912.685404
213847.907166
79815.958324
309156.642898
124387.161635
204105.427507
68117.348720
96190.663707
387288.720102
329698.055548
129329.763818
139004.325794
413964.801908
9010.492644
35727.790667
38069.536613
111672.959551
62695.959672
132437.263148
115716.254159
18893.601979
231546.936331
85888.122629
37558.057490
448292.135781
56973.609647
160855.625133
322482.904589
902.952932
8357.649794
596535.375234
37558.057490
443530.081007
109870.352369
72887.515707
440220.139967
685854.616626
63369.386247
282828.784341
85885.263404
11286625.612223
60063.888838
452321.867919
106509.697133
988061.479366
144344.084561
78605.638798
451240.291781
414679.761971
260930.775996
206604.041510
70665.078492
67103.622650
9.000000
22995.644679
226033.152378
118870.628173
213176.473095
9253.730334
758648.882320
90428.728927
28662.732861
92127.763312
231000.866295
99171.362565
507502.941268
129271.224240
7614.701512
116636.202830
187788.452863
177599.679732
82278.393041
77847.359676
192046.201970
95257.728052
178782.633595
74884.429590
62908.455476
94044.011149
86118.673276
146671.774595
124507.557526
26816.915763
96338.422086
13885.705340
149048.251961
148737.291053
53225.414588
20454.577303
100676.491956
38359.969135
22543.570927
655405.891918
46923.529104
132437.263148
30148.692967
Case #43:
1.414214
2.449490
Case #44:
31258.542277
21838.171278
20033.080275
37206.940165
205400.441038
7969.610764
10677.101057
11459.009655
985060.870596
12739.870612
11063.006753
21385.463715
19059.075560
6813.472274
13933.648729
11413.754933
12993.146886
3.000000
17694.993637
20776.617369
109726.792525
4223.633293
23534.171822
16863344.545341
20996.738699
55411.681425
19644.438347
21393.612848
6.708204
23697.319823
3195.770576
10135.843402
14662.762290
13848.179986
6219.149556
19525.699714
9510.103055
88068.946718
66256.861952
15957.266983
17257.786431
59988.980100
39524.587624
19852.829285
13065.277661
15165.740390
17237.098288
27796.737493
2177.105106
31662.090676
29969066.792091
50537.668747
56216.876098
17291.801956
23542.019006
16676.391109
31946.751089
19280.775736
15146.913353
3323.181498
32150.270353
30749.972870
69410964.832098
4184.482147
2177.105106
16030.094161
630.457651
10768.599405
21461.705194
5869.544764
141700.993202
44525.803701
127134.337121
27477.151731
6345.614964
14909.835609
6293.454624
763303.779281
14167.639186
25478.351267
28116.960504
15606.135394
11254.114324
51628.501353
12935.916794
14037.089229
65975.523591
9745.551486
22049.525446
16389.710030
Case #45:
38265.418037
430205.786596
16498.819077
22334.540220
139131.743594
93835.570169
24983.656692
11836.940058
Case #46:
161205.959034
56922.908825
220079.414971
127124.815707
122989.787017
124423.036037
82436.455111
239533.653473
460411.337647
88426.296708
165893.338922
200286.563709
183968.295935
109971.569493
129641.222237
137344.341237
153005.048501
190829.279037
247491.262607
Case #47:
91037.770399
45376.912887
60542.959161
3.000000
370408.116235
33568.751200
1248795.596853
776001.049664
2661348.725394
14653.711119
193260.135638
74591.951662
30762.226007
42260.347074
169578.452767
96124.395695
44692.570307
60420.556952
45678.120992
66150.824021
12606165.998060
33110.373692
164842.339745
233572.207161
82447.169871
112031.646149
68972.206380
83644.459935
Case #48:
20975.262966
170147.100175
31999.414935
188922.413843
5714.719008
8658.678621
4600.704226
28635.003654
15785.546899
46885.224246
14003.911061
11130.502708
273673.979403
17746.003946
7799.461212
13000.308370
38138.263850
15099.632105
281.552672
26948.099480
11169.767675
27847.406556
27068.441882
19260.062210
10511.867876
12712.252511
12367.294196
104614.719745
26272.149783
16985.874230
12402.216631
18809.076884
5281.146233
77451.507247
6582.548032
17697.690826
9491.465580
6744.292722
10.000000
19692.199990
6678.138039
17153.981503
6602.000000
15481.274174
188725.866602
46583.264279
480622.162285
16833.986888
38294.433607
14297.572137
37552.978135
2579.101588
12885.273769
27238.037161
2692.779989
34627.425273
11554.517582
25539.089170
39426.641864
Case #49:
26505.778440
77645.000000
56734.498173
3265.644176
7306.799532
47051.901188
16091.537734
88126.029428
13805.630316
23754.420136
36411.350100
14689.813565
81562.665456
38589.053951
48607.414751
10050.635989
33405.547341
63598.510013
27.629138
30197.643848
50517.518028
41348.976642
268555.938933
166159.897511
26733.270313
38934.806040
28997.150287
27838.026454
64397.400713
22111.734461
18558.871705
8826.354738
297352.634877
25769.650666
18760.969036
258221.465910
31022.966790
17113.245326
13252.032041
37942.848054
127137.591518
22251.940295
97211.855611
65368.304459
7926.544283
111609.548166
77079.948213
16468.235769
4879.241309
59723.123650
20233.325566
14505.945626
30119.942810
136432.181056
1564.237365
18133.273734
27957.900263
80072.037523
40820.433954
32569.569604
41772.552831
52708.143110
26945.897349
59762.829225
65529.740628
13556.776546
33527.916131
125488.317798
24928.247681
41137.591774
3618.587826
Case #50:
5542.489377
160439.925148
38079.507655
4795.470197
21029.902893
29598.229971
38530.161282
23156802.823347
21473.555222
13566237.188480
302560.580667
62414.352438
3848.870665
26205.658940
27060.624678
31014.169263
19588.741127
45003.731336
38583.950247
10534.419910
20822.561562
53433.469439
2353.155961
101113.765053
110172.749616
33307.988068
15461.203625
19521.376686
4974.606099
52112.315004
249255.255761
32780.845770
14767.577692
11082.294898
137613.120486
24106.229210
18018.534093
25133.827822
34015.178405
6836.184880
24952.591834
35719.641406
267758.749766
83667.171112
34753.000597
70799.776801
52112.315004
21230.768445
37592.095783
294840.148516
41141.965841
33698.005682
16028.070689
14466.911317
64848.315212
18935.010644
13857.059812
13476991.818786
44415.445364
56228.433404
874.218724
28980.630729
5462.372345
159364.033985
2996.459786
93461.651434
121930.142416
28220.946719
26818.707734
26859.819020
7129.340060
92498.361444
1732.984304
284146.762794
22976.844250
38281.541126
65541.956217
26054.328254
26364.479621
280852.542591
286187.221999
35627.067478
6386.860862
122777.557448
25859.173766
32545.413681
2603.958670
Case #51:
50507.729068
19086.846614
3602836.928722
183328.514560
48027.876907
150781.042611
4348.755900
212398.355069
15973.786265
15498.151642
47343.890716
147474.343511
15955.795358
784911457.140421
347.439870
Case #52:
4.000000
364.383529
2944.268424
12602.416092
4215.139428
9957.769171
11741.996759
3545.932638
38259.566751
3002.029464
1836.982839
20105.633676
7156.683622
2319.458234
3316.619428
44113.209216
1655.894773
7279.009852
13861.508901
2060.753681
11629.570401
7774.210535
4337.159992
5262.915766
10884.797687
5648.689298
37597.593194
6006.137089
Case #53:
9945.331628
25250.373970
19995.597412
39753.775095
11617.221927
8377.565542
11288.538282
20063.548357
20422.124022
26471.505286
19079.250317
26704.961872
33758.152615
43509.914438
8698.422377
24821.359179
23185.316307
136714.350701
35767.488600
12592.907041
21899.462910
7371.648733
12772.879039
58486.687630
7.000000
26863.020044
27000.826005
11664.067292
13564.315289
7910.204522
22500.996576
9246.462262
31626.369453
9021.404506
12990.496601
11372.954673
8437.696634
1971.445292
16082.457210
8285.470017
17377.786566
15865.417845
86018.618520
61532.917861
57677.445953
30237.498475
11696.629856
8397.247337
63271.624496
38094.022075
12487.884961
13778.314866
32979.823575
14752.251695
23831.820747
14344.551246
12790.393197
200779.363524
25304.861700
18605.423788
76748.000414
13654.255285
62869.336646
13761.295219
19023.433719
16361.582684
18205.191435
15595.938075
21674.208075
32596.101924
12113.156943
11948.614513
26173.202619
36327.816453
15734.517263
39010.417365
20298.311890
17719.440193
32519.129189
26740.537576
12688.985975
19467.205136
22718.547060
16117.145145
33646.128497
18247.150427
18197.830963
6652.424775
17470.501841
114013.163428
41743.310189
44433.263787
11609.467731
20739.542233
27603.873078
20579.042070
14041.416543
11732.877229
30425.129933
14506.848260
Case #54:
66533.836412
56040.331591
57917.292504
295677.953191
7937.757132
45793.636277
11022.815338
98645.062832
109227.693795
1249126.471812
59339.965044
20686.843546
17032.383560
65786.652794
188916.099680
31773.357156
62312.701382
137281.370819
Case #55:
553772.618668
63804.630416
63804.630416
13888.033472
7719886.724269
63409.778477
236677.631124
657.987842
101873.972481
2504.397148
252605.958710
64960.226044
98656.538334
123967.040044
49623.859664
4905.485874
140099.055443
1527978.747237
2504.397148
777068.185190
146697.133696
132555.823931
101053.449802
7719886.724269
30607.223256
30607.223256
45632.087362
2504.397148
24668.260157
103884.305678
13888.033472
236677.631124
24668.260157
Case #56:
67523.081765
751545.235292
681.590053
1519696.422201
132077.188682
338095.961357
718466.286497
206723.807031
232114.045632
109062.983835
116.756452
63874.679743
248411.821953
21341.352394
239626.273562
403734.841983
403955.845966
255210.050961
484924.128908
54203.375096
572873.646959
38810.370665
206539.094323
126949.925807
233281.126642
182144.209075
15768.739659
115296.267343
279362.182874
411781.368699
286237340.000000
1630798.270086
177472.478066
428939.585752
1648026.405007
65789.259565
126739.703471
965890.492938
159097.462810
557265.535963
246156.554251
293707.923097
473079.521580
37661.928712
386244.539450
216983.173314
435755.643900
552290.938246
438.797001
172035.137078
662805.555603
1314188.337046
802856.491147
1030918.498510
197073.516773
468015.296246
2446680.477693
129986.028707
75908887.000000
1011185.028979
331319.738832
11088492.781330
159000.910713
50439.893496
122407.659126
5655420.959808
417894.090667
525176.983515
162686.132015
554426.940534
223308.704879
136465.150684
76344.441649
348209.974397
344217.372580
404398.272400
Case #57:
55652.250712
18549.572935
50154.543950
62037.707615
205.042070
1142827.247191
12297.026240
64489.434986
177935.581414
18758.516686
71149.358474
17989.745921
1472.533571
526.289375
16735.615287
704385.089458
14691.650301
9775.540797
44581.472349
57849.730291
83708.792709
712945.357949
72640.525121
33130.092914
15825.146135
51522.008501
85124.134663
5883.116052
27371.261836
9516.193431
4036540.858608
19591.173573
61875.062111
3615.553573
Case #58:
41592.561703
46383.626419
30694870.450309
80213.913134
45601.614305
44385.944922
46065.540851
42442.181401
45204.647215
44593.458214
96662.323178
48725.246796
57067.492218
56812.474812
50491.213349
58172.417543
51302.974875
52233.414490
37833.460482
45113.486940
34006.557834
44963.436322
57366.835350
44937.060014
76249.941922
48066.365444
54083.337193
390863.888053
45025.707595
33893.929573
79621.406787
32890.018238
24476.199757
212.680535
45804.959959
105429.981022
38529.886724
1170.253787
64981.330247
63008.790873
51951.507377
55516.928879
51918.279416
45898.385399
124546.311347
49334.425704
41818.372921
57999.491477
55730.988954
52277.822899
48914.080114
39567.016239
949364.940364
36330.033829
62488.037216
41845.012136
42135.167420
44759.236421
57875.630414
43488.491425
66676.231560
52279.160490
43198.430804
60264.149982
43780.930971
38307.217176
6995.467061
36594.815716
61034.606252
36309.825376
51382.723531
18581.479631
41342.985192
48300.091600
30899.167910
31337.187916
125328.412445
58104.915523
21261.481712
62601.517284
292653.301054
64775.585744
44790.101531
43507.971401
337674.227390
61799.508063
51327.898900
50151.986461
96404.284362
49772.545770
48505.845594
30834.424490
60626.250003
50679.306530
67757.416854
31355.268368
62607.593187
54830.033318
65413.881505
42031.559710
Case #59:
5666.559090
13063.031740
49298.723053
1395985.934820
897567470.050119
8916.026923
9515.046955
342.271950
1594366.712338
10335.664458
1741.125137
7832.342958
98343.217408
7702.273669
21030.512418
15318.463780
7261.882606
2394.207273
75711.331524
8464.527222
15460538.874842
29223.418885
39659.710738
1094362.781369
25273.846590
37600.218850
840.319686
224775.648389
266149.748569
23830.913993
8184.237481
66903.447109
84270.847622
170126185.000000
18438.900099
56139.138055
3945.762164
4182.703019
62533.935719
8476.119866
13697.168827
19387.851859
25140.679672
9139.147975
8184.237481
21794.904526
176091.115771
51787.810462
6546.432421
6825.315794
42029.929965
347604.401246
649637.803748
2560.562906
664.774359
280371.321399
52465077.125883
42765.010859
58306.249799
50187.071257
47472.070091
11568.088302
12445.241299
60856.959718
42029.929965
9809.915277
11075.614852
409622.274194
22827.578947
9662.665525
42078.487580
33147.540552
1031168.510733
35048.072614
21624.235089
Case #60:
39527.876166
67862.441215
29459.876149
35552.678340
68102.990799
75787.896222
7038.981344
58159.797206
39020.746021
41871.641381
35050.100519
43195.991128
1107.440053
59834.628407
50718.031325
46861.980096
50621.083992
46640.937242
101331.443521
58072.030813
20092.014446
24442.271456
53244.882313
109920.806367
48982.148570
41179.964094
50352.474206
47013.688604
35376.337714
59369.552610
38702.710410
28523.439723
49812.940733
38453.310329
58559.527372
66111.517618
42218.498736
33897.425086
31925.836876
70833.051383
69859.099586
828077.480297
56657.241461
40327.780116
25506.979398
38734.515241
44517.930423
43534.244835
42149.591229
66946.940024
38439.937200
41086.448437
40959.777306
25667.195635
41521.994880
38148.810858
123339.141665
41549.662197
26687.724876
39637.729171
21578.863074
27491.897566
56894.118702
35817.201594
36037.601523
61145.917355
39094.544284
1008.679324
1206431.354079
52168.086307
37000.405866
67910.877112
42645.478988
55140.617699
38771.173379
42865.833062
12540.453820
76402.630830
49111.443193
34804.735452
47196.443149
45964.727372
45184.594297
104113.678601
35767.573127
44178.504046
46327.522271
171229.733021
42196.799141
21999.999766
41160.380577
40888.821080
66865.868107
47896.352083
47033.659965
25055.619967
437040.573897
24390.433151
130482.207875
212211.532948
Case #61:
1.000000
2.000000
Case #62:
48875.184485
29221.813046
35898.721165
38106.451737
43452.286949
45227.480846
49946.193735
55948.141713
13973.619358
51016.835410
35569.293935
14650.717933
34900.940376
43112.640628
41026.393359
39830.270714
77584.594223
44362.790767
28346.419748
41230.219692
33498.631544
29691.613418
35845.824477
32776.318854
39311.802355
33779.405321
48352.718387
18288.439447
47750.246984
38349.733755
30823.949689
18954.000057
428.936336
40975.626428
20777.391417
34979.166816
35336.989787
46791.074709
56863.545292
37922.282786
38535.533172
39970.588020
35317.916770
34867.412694
38421.825291
29370.803196
48412.072677
32165.883438
14516.213533
39587.803016
32310.368786
6563.518018
31633.582731
35554.117238
44464.923930
31548.397035
10740.666400
10805.111537
135131.448147
39844.991005
18915.331175
60207.479474
34626.749841
35850.909647
36004.377206
37465.341771
12487.947912
34531.535301
54345.739964
34776.701285
65701.209585
31340.626667
40247.764496
38473.720054
42612.362259
32973.773202
40639.412241
44812.657130
68067.912744
9551.554833
22832.565029
41685.041185
919367.436546
48772.646224
34218.093879
34536.030524
8173.747072
43130.990396
30493.584595
27364.061833
143372.552238
41228.558107
495768.921124
188747.409329
34529.759042
33022.268000
10261.384277
32198.008333
48540.946259
36252.151082
Case #63:
44467.829697
10874.252821
43003.183548
3127227.907120
44214.349131
24747.203929
6145.890165
1608697.966942
42591.105233
1063498.052354
16399.858642
9104.623767
10044.685786
13760.468162
14555.604749
54271.378578
47174.445720
4952698.195515
3927.767136
4161.220681
6652.821174
11555.389613
47918.011413
26202.723197
7305.983863
47891.717511
13594.225200
74739.000000
17232.039049
27245.606336
33841.301008
39807.639615
11254.556234
143309.595171
76832.000000
22875.573532
136.633649
24153.098183
46088.291868
22280.853118
10353.149081
35467.197802
Case #64:
16056.322386
118967.644195
2195.327246
315895.106105
160995.873335
783.174363
11018.787340
1986162.977357
1596.390480
418.741481
34689.824667
553.604403
1038.966633
37751.876112
82795.975498
685.147533
52583.805446
56036.832498
3669884.329773
43863.404610
5647100.121210
148790.313171
21607164.178107
3967.682425
3638.828640
5410128.430035
7816.061068
4966.550201
2531.771488
88899.000000
4502.753099
48754.770619
107640.992467
427027.176235
12272.937148
99735.000000
1800.291963
1050298.105292
30602.592456
14783.277402
30602.592456
2044.060815
5999.201534
10525.327760
Case #65:
653458.263577
4067783.886264
468107284.000000
228089.928680
379425.133269
65874.931128
100727.330199
50281.966204
60112.338208
349164.078903
64020.825452
134767.123332
51242.258625
56039.291226
189072.542467
146260.244223
7234506.783448
4354816.918849
24277.251581
86213.590127
210114.161199
51682.258822
82230.351795
156429.318594
19171.725599
388522.712188
8512.763498
63527.765675
61929.323354
853311.649291
52752557.949866
104874.074040
1984418.101604
79486.978113
529285.320449
238644.259692
585368.685891
1077237.668245
79583.596495
79986.054510
490164.874875
912.660945
106032.619952
275789082.010600
181173.284782
893552.702758
733059.044898
342142.714816
3683.524995
211418.558613
112721.666258
69295.031832
4354816.918849
160152.923054
75091.183238
174363.018717
10708.000000
1254849.392160
824304.449191
186173.937565
104874.074040
5847739.923310
Case #66:
1.000000
110648.376771
11315.428889
22409.402288
18004.513142
33247.186947
11674.889526
11543.335094
40862.200434
78488.312466
51723.467145
52205.550532
79504.379777
14677.576614
26192.480520
17514.059413
29966.061148
30398.619436
20847.232951
27550.111152
26340.341296
18620.424321
32739.814976
41222.246507
7687.927478
33387.040637
20799.792123
17590.200107
367760.292447
32216.698750
54233.117076
34800.333016
60478.227459
27862.230251
32827.191892
32635.586582
33314.714848
31007.413808
34251.623570
16615.581279
12557.892057
10113.500238
35095.840783
114719.403943
1174.966412
29009.925521
98935.007821
31399.645605
19699.195716
29635.655265
2573.605767
140808.484743
32489.813894
32002.693738
27815.454647
30957.152167
71937.205363
18542.777433
5755.977030
61381.152776
13371.330637
571701.520912
10057.740907
14613.059942
3814.822762
32256.070131
25004.928083
97118.127739
84185.043512
71566.591034
15651.400779
13914.671037
19304.859532
16217.359354
11401.500165
39986.080043
24351.827686
Case #67:
1073.328201
1053391.116104
888.454347
463.938190
4259.154349
60023.567738
7.000000
7755.254228
3959.845202
362.354672
98846.000000
3099.246241
919.739211
919.739211
3959.845202
1053391.116104
34880.897902
831.818490
43603.000000
3099.246241
1958.104961
43273.552755
82628.000000
40.787706
346.478189
3739.838619
3054.992119
343.569498
73.396108
4259.154349
66980.369423
297.539913
60023.567738
1842.305744
904.465516
43273.552755
10880.119939
70.748432
3054.992119
2089.127798
40.787706
297.539913
208.813314
4259.154349
58050.212781
27.194429
3404.508890
1426.966906
916.078423
800.371539
11052.793582
362.354672
8.000000
208.813314
1533.020176
85.256893
800.371539
1407.109286
1053391.116104
916.078423
85.256893
362.354672
1682.926797
1407.109286
4402.256131
208.813314
66980.369423
34790.211182
904.465516
3099.246241
2428.541264
3.000000
2089.127798
Case #68:
138529.255133
228461.763770
20430776.332551
24189.279419
94368.013012
5249.268240
27313.486465
26915.977481
35471.735208
28092.263233
1628.488007
68157.977201
77195.785488
33932.526599
26453.145712
42335.148657
33322.765878
7813.899126
9408.162490
2490.632551
15970.064985
24730.653683
30188.383253
29921.916354
9176.422166
23598.013695
97234.624529
51187.992835
65184.291111
164427.798808
338109.245422
9899.748708
7727.485751
52947.929901
17919.013154
42670.385039
17491.626633
89497.445853
29.991818
30714.106391
99174.830102
12527.890765
57357.516315
9614.567122
20770.586054
126229.999051
11923.579212
106860.301156
278580.551698
13258.199786
137277.118685
30758.441008
20692.405126
76778.497225
Case #69:
60626.598599
63888.909332
75744.537447
4555.564305
33474.494209
903891.589409
30652.158017
31408.549119
33549.455904
2334.975874
517.785418
283908.184780
322620.494045
56320.922511
18786.613563
68356.635129
15869.448575
180266.803571
78396.005725
42842.533464
205809.104088
47597.930575
112233.316360
84742.432611
38067.300552
15137.450690
13939.900741
24241.800415
3486081.423068
22532.512407
28613967.204226
99422.871569
195638.961761
181554.084359
55996.241671
108552.837338
35512.961890
5130.389134
127.353976
11337.071355
49127.521729
24384.113459
159000.614674
8837.437831
35641.069930
11254.833781
15564.585318
40428.089614
12357.915496
21967.203059
73312.617401
2239.638011
67156.723493
7978.382794
24090.860360
38341.912969
13045.759784
105093.387804
8562.055898
35676.861429
56613.593241
1096247.469485
30861.258226
50411.217526
175407.595424
7962.054917
68764.123930
19242.733289
96774.580357
132601.115829
2444067.654345
22757.026465
56299.692166
18201.375674
32571.690447
20703.160839
27103.367743
22248.537725
333514.985827
43360.002543
79804.830607
Case #70:
999999500.499959
999999500.812771
999999500.887732
999999500.471373
999999500.825258
999999501.184885
999999500.820886
999999500.942557
999999501.156208
999999501.486336
999999501.208039
999999501.540910
999999501.975667
999999501.922959
999999501.531398
999999501.838538
999999501.509107
999999501.128137
999999501.596698
999999501.573864
999999501.873430
999999501.563800
999999501.132885
999999501.385834
999999501.469222
999999501.899446
999999501.415771
999999501.301090
999999501.500989
999999501.953614
999999501.979340
999999501.653208
999999502.091901
999999502.346392
999999502.048614
999999502.053844
999999501.833983
999999501.916884
999999501.503078
999999501.426599
999999501.656208
999999501.201210
999999500.713944
999999500.551685
999999500.413137
999999500.709908
999999500.281930
999999500.018847
999999500.008361
999999499.567781
999999499.815748
999999500.095847
999999500.268944
999999499.770812
999999499.583469
999999499.863452
999999499.436399
999999499.334001
999999499.007389
999999498.927694
999999498.434002
999999498.608054
999999498.362432
999999498.880430
999999498.663422
999999498.691938
999999498.540645
999999498.678415
999999498.958113
999999498.805543
999999498.728991
999999498.222777
999999497.845863
999999497.974067
999999497.694344
999999497.370770
999999497.304071
999999497.757270
999999497.984775
999999498.504845
999999498.686915
999999499.091363
999999498.893207
999999499.189709
999999498.743407
999999498.794494
999999498.998864
999999499.002149
999999499.027369
999999498.900069
999999499.212046
999999498.977955
999999498.753264
999999499.207235
999999498.817839
999999499.345816
999999499.515445
999999499.366513
999999499.324792
999999499.006618
Case #71:
10353.376405
16213.294210
69337214.468250
22133.576878
18562.311556
17678.822965
1821.119533
34818.434998
10325.897660
48908.532504
16852.254473
10325.897660
49646.179252
29650.413825
21240.716990
21701.005696
1767.628199
4810.146259
1069865.816443
46418.380135
24917.350431
40668.140964
22653.556433
57745.063005
12584.744990
368156.217781
46468.913419
32243.303867
7127.801358
22433.082100
51177.838767
40964.593631
49408.945339
1463.921055
3340.591759
12584.744990
32242.803566
16995.787951
89861.384614
6410.988329
46468.913419
17694.085386
893642257.000000
8322.779536
20642.001374
16694.563640
66119.310530
14684.685955
9124.185012
20044.875514
34398.268176
15101.772017
Case #72:
4299641.751067
2565.939531
2434.637506
270491.525276
865714.266950
8596.435540
5610.282343
28956773.560918
19048.745453
28732.000000
Case #73:
6800.575418
20958.851990
44109.440358
8696.951944
67317.052573
60952.170478
63148.666709
34946.214189
49005.603634
37610.734608
45097.807442
54947.984404
72837.752968
60624.896922
63582.677892
54161.773032
42265.922454
59368.330280
67261.530364
64830.238463
35898.056050
55929.130798
76954.671571
193236.589343
66593.317666
45158.296685
59904.752066
16716.905779
12884.920280
52713.786601
38939.146973
16281.843507
61754.436697
46348.741511
67605.580320
66978.532039
55817.358350
120239.733928
55142.645451
102977.854284
221926.036289
139091.648462
28579.193748
65668.855229
68726.670016
20490.245883
63600.474535
69273.471802
60306.610591
39710.743118
50922.354736
47011.168385
35998.102054
61875.134796
58415.230705
59077.022270
55445.507840
70325.216583
37740.334724
51309.110451
51598.656467
109590.073286
94198.029597
79980.491018
32267.892739
36518.424451
37747.646278
27369.168379
42273.527179
79054.187542
64171.394320
78076.958161
2643855.739964
64152.673327
70666.468362
60083.600801
67938.410276
29344.760874
56054.434869
41419.692793
68064.033587
12423.836604
78800.051542
67241.820019
61621.928164
43027.416084
38955.196216
46244.259480
63087.621851
47710.545451
46448.920728
43937.003005
28545.368702
21513.043213
77720.919924
70340.072660
97169.581310
55558.727543
70717.819069
38240.505692
Case #74:
28220.470521
69403.959390
20973.468249
32601.443849
32334.413232
32221.050405
41923.188452
67102.230332
12255.653796
40708.668963
41303.092524
58190.085171
39941.509740
65629.461858
36788.710788
17407.878238
45279.481215
42458.138374
40264.559955
39364.492492
34506.502650
6839.801222
41751.242685
55048.928316
26235.246670
34351.157614
90027.080871
51250.047405
67232.725604
19717.991952
327903.869446
59687.634497
2162.977956
64154.039456
34606.268690
45589.051369
39691.131025
158381.672542
48569.778465
61948.173314
27612.092168
39208.303255
35313.383269
45699.887245
37481.362343
69639.914502
70436.197911
51159.025734
27159.984293
45473.359440
37435.483481
29148.922260
38040.829445
31569.684056
27275.754453
50037.650993
61933.068460
35603.841423
13377.452823
28418.573176
29397.953222
52689.314107
564263.326310
45846.099130
44437.343088
12027.735682
15793.279606
34075.701833
44884.147211
32031.901511
76370.050076
51469.176150
20717.744628
87285.800775
36668.717668
38696.966624
107398.408333
28174.581022
21330.622968
26457.074407
35251.359053
64135.696524
855.401825
37978.589712
43134.759635
39150.944293
33743.728427
29568.553910
39066.774656
28960.277894
28374.853236
31915.233569
37694.336156
49119.737894
61761.799493
29652.840829
111505.457172
32643.670681
70642.209460
49162.155139
Case #75:
87186.542869
63353.476306
49538.775150
38920.299786
105195.562503
9167.360346
80012.690626
68732.159667
39205.604910
480336.464944
6112.875112
71896.261960
48234.382875
78616.541300
50341.484848
197953.369923
5881.630566
48703.611335
49383.333980
12562.285654
90040.083936
273377.489240
382.395316
115992.421377
341.145331
107130.933447
72873.907558
105117.553206
45527.327450
147767.987918
6873249.691563
19372.432848
83107.768588
58713.383560
21354.889568
1810.269021
479193.725091
48273.300385
44.212641
30512.004667
24717.908826
62767.985936
80012.690626
131394.681815
261227.378442
116704.576116
160302.163371
22355.159487
122888.865596
20708.824355
24763.345176
176129.182823
7073.821221
110063.112889
12934.630314
16930.531381
28549.614622
21714.169617
107675.929067
77041.558325
58489.934515
41808.929728
34378.513468
18161.480325
234253.961646
63547.876420
646.725599
406655.368998
33201.985639
21171.666343
46323.560407
77242.959488
58277.472258
78235.859212
38496.150474
376075.371415
22963.726973
Case #76:
139232.018220
400908.589744
387420.546169
170563.463582
938162.955403
1315335.106007
64677.626984
40473449.167663
1750.894998
159949.483249
450640.113054
923145.175710
88924.867136
257194.705653
1547582.979808
390527.814023
1194868.954551
537867.088949
210534160.634698
28808.531653
206017.771777
41741.555045
Case #77:
56007.089393
76757.294236
47511.020824
99691.423029
29489.910627
57883.755148
46089.319363
161892.046661
31799.809984
279197.869819
51763.119545
35366.019628
52712.239722
956412.980419
51185.318800
45169.845205
44519.913234
55342.566138
40787.801677
52768.226314
53379.757833
37829.326054
47554.174624
40295.914333
49943.211733
47490.232460
59291.345143
45796.460108
83049.188185
116638.480324
46458.029465
49263.086999
46295.602149
57961.967392
50008.502477
42472.734182
59588.570782
49538.039841
43901.719506
55344.147058
48892.771399
52127.103881
43372.588724
425617.176365
55467.677314
49100.023787
50588.924422
42431.265452
52160.536152
15919.882736
41766.083224
46501.427456
45502.523482
39369.974436
54199.971736
64454.172720
48091.825841
45054.653348
44360.480734
41192.486442
47058.852969
60458.921014
52696.466327
50809.927762
47670.238263
9460.720290
43835.998667
47162.083734
47151.364029
47768.990616
34143.328205
46456.881517
60076.338627
44504.056654
51263.070236
57630.218121
51927.348912
47431.015314
55855.005577
53260.076612
40542.708402
188080.480396
41271.003710
57548.401429
53233.885053
51114.890099
47238.209574
47563.523885
40962.027428
50608.620913
27126.007958
51953.314099
54078.242408
67238.189141
38291.186200
38461.354787
82829.651431
56940.927197
192369.080526
45794.383169
Case #78:
37008.746976
159138.963624
63620.843833
10712.562879
102607.537928
15555.246262
7868.135083
85418.313745
236527.547157
101245.338047
251705.982117
481356.983175
76091.686558
29546.337070
25751.661937
26288.605524
Case #79:
341534163.165298
146207510.595215
97235.031752
146207510.595215
207353.116251
647712.193978
255.747668
282002.549422
598864694.000000
33797.842214
28163.449011
5.000000
242855.382962
101292.713671
42012.835603
17633261.066934
934184.037481
302801.639532
233931851.666029
5239.000000
111032.992939
4176.522701
19041064.439609
313015.266671
67518.586923
377845.384949
5.477226
90165.400280
23421.136956
117129.162343
1021315.062412
218046.121073
544173.261153
280524.520105
330435.480044
250628.008041
488403.604525
250628.008041
207353.116251
124457.433862
Case #80:
150848.316640
109699.949804
358.816512
32563.033986
185117.879277
17610.570820
248971.192393
380.178905
298860.183280
42912.782015
136342.933366
32070.650707
96323.253087
113949.490815
Case #81:
29496.224900
47069.349075
3864455.079203
71567.220472
68632.051003
20000.251871
40003.052342
12350.134169
52180.096309
8703.081315
52471.273517
134.751623
81262.509799
95767.624462
38398954.701844
6510.915356
22139.051624
25447.278332
8871.168973
31351.671501
112147.354434
50331.901243
3393.616702
38434.090241
58161.169763
12965.839179
16698.016395
29057.772129
27877.184884
114445.419525
93.808835
68295.310797
7470.823265
31626.076614
31094.156620
767995.883376
21514.250903
39670.000000
18430.267820
5052676.960618
28976.172901
22416.581958
381590.794274
8757.453299
32518.238322
21942.488296
59350.076135
83634.502232
38918.374258
80973.390135
50060.054526
Case #82:
46128.238617
36126.164344
63446.621490
38513.123371
63698.996467
27289.644328
41961.634697
81346.918755
46711.980935
41442.820078
37334.317545
29929.625078
29840.131395
25731.272679
199060.407170
37215.311488
47151.560945
56318.699127
109345.319439
43617.009374
122268.037871
53082.542934
40548.061366
42080.196320
8582.681909
189874.791177
51012.200652
77828.652754
39941.691966
71601.422979
15381.616625
41340.227916
58522.705929
31648.131009
38894.035897
48936.458684
46155.503359
45596.915259
32792.004471
35583.213814
24299.385955
38230.713687
35141.162938
84700.191867
54660.183793
42349.918540
61894.301647
39193.474692
39646.197259
38877.897391
30628.857041
35903.540235
63125.947216
80751.057604
34282.750780
23376.546510
293790.492684
51218.670763
55489.836973
75965.178588
47639.725039
44549.357501
30579.908139
44853.757971
49835.896675
43729.294402
42164.681384
42334.642144
51743.120803
45878.715385
79253.528724
46838.196363
36495.335290
11424.068612
27690.393578
61378.712216
41726.156468
2609.998847
34763.055736
44522.265668
76588.309136
35245.876112
130713.044592
47231.127421
73713.692128
42237.047583
36349.451653
63244.394791
57135.442522
38241.426362
23863.394881
33118.445190
37787.302225
40383.844209
44542.484664
46194.743759
34592.814318
166658.970908
53233.099731
43699.668951
Case #83:
26087.675833
26708.318777
36060.863053
7289.268875
74085.590827
35538.644707
38291.992041
22983.115015
52240.302985
28562.576224
42424.974769
76015.928538
41786.296099
40801.930778
45420.178387
46977.257264
74621.430200
6494.406795
50303.248674
27153.448568
66400.370923
51323.438410
341216.920625
69580.743893
32926.607756
44712.569067
69824.858980
25661.229053
59122.756089
27468.768585
40125.485906
38864.543936
41943.899945
26039.533333
48316.967463
38587.671533
36628.937268
62402.796726
62684.294738
40565.358527
38782.762109
39748.141555
46749.135717
14587.684981
10569.169516
20346.837242
26192.466116
42913.183008
96423.934035
25868.885761
32416.000723
37134.681169
50597.978573
39606.388192
40217.208253
43233.269102
71114.312746
50416.523334
19585.916135
74147.373650
35718.426633
24341.549784
44148.463020
20488.530492
29125.776829
22895.806664
504159.619452
75878.886746
38715.004870
35934.833567
12811.800847
62145.691227
37559.848128
40602.205004
24890.150591
13889.251261
165738.593431
73379.708289
27295.461596
47523.241172
35693.605610
28332.176965
30046.253738
62349.806355
110700.779754
47057.969004
25980.406815
38806.711571
50880.528592
38631.685710
45043.053796
52237.309685
60355.241936
48743.262038
42388.545142
99681.844117
23976.062489
8047.086035
53297.975761
23061.065101
Case #84:
1000000000.000000
Case #85:
10658.090242
152382.892457
47092.469261
77966.926009
232262.774516
250194.035385
26978.121498
62045.871657
29091.592022
39355.906700
11087.358850
77572.408420
97082.082769
22198.885444
26443.845753
17849.795545
115740.692944
43454.124038
50981.610234
97845.319211
13581.485397
487.177328
22669.514497
65021.676844
24535.316233
93386.164078
124027.881804
97843.920518
123715.179417
34149.849318
3440.795109
4676.154142
22565.818924
8672.931493
88324.006135
8068.718065
12924.317673
44071.143807
43101.752569
14682.837240
36285.734473
116612.725858
29287.712399
222126.229578
156090.925295
97770.312551
15045.558817
132624.053488
41919.239940
185074.545837
74699.580912
40554.361017
106208.732903
82767.403399
9951.705732
20424.083418
97441.725785
76190.948136
113431.644810
75419.351741
170358.294819
23950.644139
97776.150717
5216.752017
355256.453837
21236.720359
65720.891418
Case #86:
1612283.417851
123011.824718
17814.043574
270998.696428
540063.736830
43076.730242
1084880.960390
69492.809140
11330.868539
9396.894591
123011.824718
73806.780511
95.886440
2596.544085
44616.030682
20156.488811
175271.074518
75913.959051
73806.780511
99354.696970
328.184214
69400.459789
328.184214
35942.651362
871.629728
32356.792844
Case #87:
17321.957508
9681.141208
32632.620038
21823.203212
64657.360571
31739.646312
9521.278396
46028.127818
22190.768072
7373.327615
49829.538754
40824.761946
24607.925828
10307.053654
46611.617834
28837.855106
25855.653096
30306.899872
24724.307433
30600.807028
72218.019665
29919.082768
132663.689206
31397.012434
32420.316922
24863.983247
65878.093444
11145.750449
26518.024382
33323.692874
69790.654160
14015.562241
21872.107705
27540.464385
39909.216395
24023.706427
22332.606292
58800.308482
34525.131527
17938.970504
27246.054887
26214.205954
92554.029990
21095.312697
19630.275783
31929.571247
84010.117579
31506.996172
44120.693600
37100.031404
67669.883006
31900.571030
16847.853573
15609.907731
25261.937486
31900.134320
23601.844640
18999.842354
592342.129091
76065.637812
31175.825294
66962.951151
36896.791303
23031.101770
31946.306932
20062.872409
37714.488777
25133.033870
26042.357532
23776.431362
34189.464663
138740.014906
33690.803981
23607.355377
22812.894445
35595.686193
26542.050257
34973.480153
26054.641810
33916.422620
10832.957266
21802.173563
20542.619292
7911.568975
28932.314582
21732.777750
28223.465524
36017.800290
14132.898062
29651.274364
30517.072302
22716.962011
28686.927466
58785.956203
24835.063818
24262.144383
11525.787976
29419.570069
15936.427984
15221.470097
Case #88:
1041.716057
1082.235293
2269.604573
1959.926939
15006.957291
1300.603594
3237.581502
3473.970174
668.778221
Case #89:
2806.726862
56873.169589
114259.842047
77779.351695
24383.419264
47043.936015
54123.454976
34977.098455
1282976.477953
25043.732070
73071.856490
899332.529324
20257.437422
54817.953223
2620213.435838
7853.133836
8578.617776
12629.345282
469.263245
39086.491193
38871.361854
146449.703348
13474.068523
67850.851712
73678.306795
55010.300350
7392.463834
82058.490083
42625.569380
126941.526929
48558.636491
7174.152080
57684.525618
1215785.041987
43270.805355
64825.902586
60222.515008
87506.256095
45901.217564
40236.692730
122002.154967
209620.544431
63645.874663
Case #90:
8290126.696327
290325.358291
151950.593934
23795349.509759
210082.658033
714531.561828
571.944053
96417.000000
146988.738817
391792.465099
79.030806
6044661.429362
1024002.083081
214817.772186
276760.622772
83006.046557
220051.345253
5451956.576744
52372.067870
864997.979564
146016.790294
1241289.423512
559325.957306
294801.986329
1650516.269515
87112.662135
338749.303427
658034.813926
50520.493427
1510797.165834
485626.999005
338650.843058
6044661.429362
68858.468356
198121.398576
161504.635620
214817.772186
934532.125361
487720.115415
4134.837886
3258545.376385
Case #91:
33034.880123
5250.592655
13793.658814
49782.543026
7726.566221
4912.618132
12078.770684
22067.330545
14111.902761
8426.361976
14921.752005
16231.406814
8938.833592
5921.631662
7626.882155
12863.074859
15664.718081
7991.612203
11721.554262
9341.289617
10651.094870
7454.336352
12369.042986
7453.754788
21828.825186
8372.837901
Case #92:
309751.281169
754806.225477
3168674.615060
70365.821676
224994.059846
43975.691376
88479.469154
83632.592397
21512.921710
515094.734710
1783421.688917
294981.693953
3347345.581784
66963.122071
11868.000000
201271.737098
248878.185066
32533.134783
730354.553280
304426.380298
352330.772807
342723.277541
205049.826222
160829.779070
171362.793553
878889.069983
1154199.704736
102508.954783
434659.185831
1715649.968835
41818.000000
348114.103368
338201.826063
1449513.652026
105001.842977
89034.192892
120042.951150
1156226.738971
878889.069983
201271.737098
222210.762482
3796508.065335
89034.192892
371837.596734
32312.187651
30294.733633
176699.956296
388365.436018
660950.329309
1449513.652026
398253.885351
289877.002141
697245.199577
Case #93:
28955.802025
124241.396208
1549.918316
43815.593330
27856.448203
2389538.000000
262.563859
110392.234932
410554.332894
636.799026
5088.306688
45245.027624
10425.628234
102794.851044
6434.530279
16749.321170
177341502.319591
43348.777165
957087307.000000
36181.481933
1437.806135
3448.748324
513.420909
15451.218350
84177.544077
210509.508932
581974496.000000
23369.250902
27068.437538
40591.085837
21651.020419
5722.739522
46571.551064
44219.256623
16705.857053
14833.374593
30447.195845
10.000000
5088.306688
65739.219460
398877.034438
25233.317737
99176.533570
Case #94:
2470605.154093
424758.729276
199234.491389
1803.961173
469343.088610
527910.125552
810380.940374
1053978.597276
Case #95:
20860.130614
141194.926914
75526.929319
91605.170954
37246.016831
12205.116115
31922.383292
Case #96:
25409.811938
829055.987248
Case #97:
165044.806876
242988.006361
11442472.725622
285086.338378
213.940115
267629.304768
142933.508937
107384.829156
693175.375665
158511.330483
373734.882775
3038.763486
1939288.538436
84905.294725
264187.996218
1994140.926617
1162001.529174
126052.035243
359921.974278
111178.179371
165459.699506
141165.618708
2079331.081579
227029.742262
48488.281398
105937.257347
2377058.964484
3691.771980
323323.188896
354970.243578
624131.495503
6349688.084294
267301.224229
192808.776755
365236.974572
2207234.896580
612750.394752
202107.314369
104475.047386
186270.066609
149514.432745
809816.065835
275891.964324
382193.150210
26448.477631
881362.760194
193656.046945
120289.925002
97614.688433
112187.096430
81002.825954
42585.190916
415761.611713
280015.307020
881362.760194
91453.427907
Case #98:
16703.063959
20812.685016
23714.272397
388268.223282
4896.165179
17062.729018
1423261.974864
223434.435349
24718.368819
32379.642253
42337192.682955
63827.313420
18052.313043
769357.771435
10577.990320
40825.751073
38899.671773
460.898442
22319.161076
12050.674429
3902.177546
34428.109672
8683.982026
405538.473120
73859.265276
20220.199219
18625.148559
1087939.507066
19185.505793
593943.448802
32298.489814
42915.997227
470227.655348
35172.567543
31723.998977
10584.519375
47185.388741
10179.376774
18507.118939
13791.551426
44359.169122
11216.109100
Case #99:
39602.561095
32564.380861
30882.377653
63055.298146
24999.814900
24374.571487
54413.911355
2113481.790316
46129.093990
37666.669488
861509035.000000
160076.125385
31370.991672
45275.673702
8976513.956580
6660.224333
262455.832914
35567.998875
129968.764782
43349.204996
14596.354067
37313.070593
31811.582608
37920.604883
20489.969948
26225.117683
33629.254226
42283.897618
18649.471901
76208.871381
5512.080913
25369.160899
43343.099325
149237.025433
93734.593793
20508.447346
36493.298726
1435.422225
10739.241958
110431.784369
36849.007197
4847.065972
28175.695627
28260.281868
62323.979722
55706.740069
43156.706117
36266.834092
18083.400989
26559.762589
51569.811743
66576.661932
Case #100:
57202.714561
58403.718099
1381954.308444
1129.761183
25985.577373
79339.686817
26578.319026
35790.916830
16746.231470
25625.105257
67701.764974
312094.024007
16333.175084
52986.374094
14330.335373
81178.084178
12483.278020
28820.426745
417035.772898
93635.210010
52083.784834
15509.688207
17327.579677
42005.665036
88011.202768
1434.794389
65395.676321
52070.466389
75961.312523
26048.549917
203038.767612
42605.850641
58063.711133
19852.080261
225186.370314
13332.226701
213314.679337
25025.915848
780163.464886
55798.000000
