Case #1:
472826.354495
11059.940597
7811.695956
18313.067123
229899229.202802
864170501.000000
472826.354495
472826.354495
88.283634
Case #2:
239.645572
10.000000
1520.545725
59926.562098
1622.536720
740.958664
44.777435
1847.500793
6582.629040
Case #3:
6187166.091208
12606.688034
90387.215108
632627725.315747
928486.255860
78429.998213
69505.410253
53190.198312
46813.317817
3.464102
Case #4:
156911.504075
153.889571
153.889571
221925805.161632
15895902.244999
1278292.350782
10526354.578448
15895902.244999
Case #5:
6849608.178930
44885.513329
975650705.000000
Case #6:
48799.390365
4723388.653084
1382874.344414
44570.188243
1201012.134874
12853703.217787
238138050.000000
416218225.405347
258160.277405
3002833.137731
Case #7:
298201.462461
80012.480475
4876.329408
1563361.681250
79163.664455
70600.223461
132072.434151
174601.215084
Case #8:
612.592850
1931.140258
Case #9:
1000000000.000000
Case #10:
70847.111625
494573.590387
67603.167699
291984473.104244
654.037810
667332.166507
73057150.533999
15690404.437618
11590585.967268
645917092.725841
Case #11:
5724246.675328
181.016574
1.000000
Case #12:
5358536.312595
3592595.357020
1434.601648
4652.277292
7553.107390
25367.392436
3560453.074928
9511.708651
33628.740024
8467.134930
Case #13:
9.000000
637622.238280
637622.238280
Case #14:
27109.570266
185255.109382
37660.482699
24524.987361
451280.400276
272358.413294
44557.531524
419877.584059
Case #15:
2.884499
1355.151342
141.991398
4.000000
3024.059343
2.449490
349.565579
Case #16:
5.000000
18169.938201
1592.679217
17698.507541
5.000000
6006.953165
6797.313612
Case #17:
965.402385
93.978568
52762.593227
1967.468747
4429.930061
10051.314290
10614.787284
1772.395969
1512.601911
Case #18:
1459.014660
2387.318046
38560.019995
2387.318046
1095.718375
86.153908
1744.517562
11086.754394
11086.754394
9.000000
Case #19:
46319.555321
8881.253802
15813.619632
7667.530777
1401.336172
35424.534755
6111.502409
39358.765834
Case #20:
375505571.000000
36522.858426
275727.554984
41682.956529
Case #21:
231853.669090
1509506.917969
95322.273263
Case #22:
60093.757097
53474.000000
2113.338291
420.128552
67533.000000
420.128552
Case #23:
57895.524244
882.687016
20.162017
634.476162
56558.028762
4811.255526
341958.583402
72670.000000
78766.333022
117.209695
Case #24:
94.087477
14625.497008
74639.689087
1008.868331
47525.286259
56.989431
Case #25:
504713804.058818
6.214465
515444.743141
31.198475
99.505829
6.928203
1318593.584702
Case #26:
11327851.975878
695317.718675
246246.518286
317603.430005
385.535991
6943850.274923
362462.139404
33219.314544
180573.704205
362462.139404
Case #27:
900.835812
261.943108
35.958285
81.498466
131.603106
3216.309084
199855.057902
8.485281
821.713748
22099.728991
Case #28:
1254140.113664
58481.000000
1024289.047840
1024289.047840
1254140.113664
1254140.113664
588798.753726
588798.753726
1024289.047840
64302.278848
Case #29:
9.000000
67007.458182
9.000000
Case #30:
70136.598998
16223.193746
31599.472652
87117.104058
28620.390160
8436.893386
7809.607472
Case #31:
25890.000000
25890.000000
25890.000000
25890.000000
25890.000000
25890.000000
25890.000000
25890.000000
25890.000000
Case #32:
46489.233894
16682.914860
1950.396071
4871.645987
5704.660810
315530706.000000
Case #33:
42549.957055
Case #34:
664402754.000000
758501389.000000
709894648.355955
709894648.355955
664402754.000000
758501389.000000
758501389.000000
664402754.000000
Case #35:
6.324555
6.324555
10.000000
91558.282094
91558.282094
6.324555
10.000000
Case #36:
27518772.459723
524364720.117690
27518772.459723
Case #37:
400883541.309838
496504069.054642
443704758.485926
Case #38:
8.000000
8.000000
8.000000
8.000000
Case #39:
543.876992
1356.363445
56961.961606
1041.833016
40.044652
94.991689
5.000000
Case #40:
217.901775
7036.623818
12430.467179
2087.549069
7036.623818
955.014878
Case #41:
6.000000
85418.141077
810695425.000000
4.000000
810695425.000000
4.000000
3078.837311
Case #42:
2711941.252844
80083467.000000
Case #43:
52410722.044218
4035275.639189
8495.657807
14264.349008
295969.185261
Case #44:
5614136.088198
157922.654766
3817666.690483
Case #45:
79314.612374
25399.162900
Case #46:
7.000000
Case #47:
5224.218066
Case #48:
56810.000000
56810.000000
56810.000000
56810.000000
56810.000000
56810.000000
56810.000000
56810.000000
56810.000000
Case #49:
490389772.000000
2824045.280518
28183851.042265
1222770.704095
6440010.418265
1454500.835971
41499333.543901
339838228.000000
6183968.229755
479897.587993
Case #50:
795511033.572950
2628.804970
3.162278
4.481405
Case #51:
875125508.587047
976543791.000000
875125508.587047
784239952.000000
875125508.587047
784239952.000000
Case #52:
3.741657
2.449490
3.000000
3.741657
2.000000
3.741657
2.449490
3.000000
7.000000
Case #53:
79477.000000
10771055.000000
157062.107112
925230.316319
4526.000000
79477.000000
157062.107112
925230.316319
10771055.000000
Case #54:
10.000000
10.000000
10.000000
10.000000
10.000000
10.000000
10.000000
10.000000
10.000000
10.000000
Case #55:
345714.928572
8103.057092
18981.886734
102935.733968
972.460796
23842.169934
24281.633152
8103.057092
181966.224421
32009.265485
Case #56:
13297.000000
5108245.522302
18651271.112995
833105883.000000
8725205.761960
7840009.536697
4934510.923161
Case #57:
519425398.000000
1502775.642007
7.745967
354.200682
1502775.642007
22644.186686
1418751.715897
576.187469
25667.124633
7.745967
Case #58:
1.000000
2.000000
Case #59:
99724.000000
18613.000000
34868.874172
43083.208005
49494.679183
34868.874172
34868.874172
43083.208005
34868.874172
Case #60:
4743182.596991
8.000000
2729.203816
496.943816
304892.033818
Case #61:
1.414214
2.449490
Case #62:
32.000000
32.000000
32.000000
32.000000
32.000000
32.000000
32.000000
32.000000
32.000000
Case #63:
1714412.031849
38896.183067
554.395588
12877.396090
333.682484
1833.364125
777.697439
489.918687
175.131997
447351053.757725
Case #64:
3.872983
2262.854091
Case #65:
250192375.156395
Case #66:
4.000000
4.000000
4.000000
Case #67:
899.436150
2522.164061
2873.198887
3268.187752
2873.198887
14943.451117
2115.319598
5738.040074
1340.035513
8811.893907
Case #68:
33432.658609
381323819.000000
23236.000000
33432.658609
Case #69:
356616.176860
Case #70:
524626.882214
1508959.151005
46526.497718
704435.332590
132127.585427
7501497.830267
885148.926990
7501497.830267
74989.331201
610989137.000000
Case #71:
139.786341
11795.640173
127.004319
23156.466397
1573.077335
127.004319
338230344.528317
8.000000
47203.708707
882115.517903
Case #72:
812229559.000000
1236434.119778
813724691.000000
1211808.741745
44736.663666
837613717.121279
6168718.244300
837613717.121279
Case #73:
59953.331229
Case #74:
3133.710007
324410.052507
34645.195844
34645.195844
2682.029717
21285.232868
194186.886400
5350.890612
2195849.702354
240714688.000000
Case #75:
326.334284
8.000000
6334.210635
317.679083
335.225297
167.612649
14047.000000
Case #76:
413184.769120
301151628.805090
857008222.117661
6458925.170704
Case #77:
7.000000
7.000000
7.000000
7.000000
7.000000
7.000000
7.000000
7.000000
Case #78:
28869.364377
Case #79:
1804.051504
4.000000
68035.737814
68035.737814
576.784188
38312.756753
Case #80:
834.481875
7.000000
834.481875
834.481875
Case #81:
2863.775227
2863.775227
1008503.748761
60329.309253
3.000000
5.916080
27199.688381
31953.499366
1.732051
366047.883996
Case #82:
448.751350
14344978.352564
10626.873698
56785.000000
10626.873698
392010.247171
44994.795181
43045.535206
63286.936268
5959434.097432
Case #83:
2211.005268
Case #84:
3937.876625
71339.899958
217.366051
1372.500417
1372.500417
Case #85:
317759.017830
39436.620816
366.081958
46965.612562
1607.495434
4761871.046983
90707.000000
3.000000
159129.515533
66642.138869
Case #86:
66127.455523
54940.000000
383083.752280
27070.089028
75866.000000
63173.765382
34825.599550
38780.920427
Case #87:
22167.000000
78093.517657
210.556406
31184.996416
351.798238
872965.723709
3000361.392780
82525.000000
36676.313043
26209.518604
Case #88:
496133638.698377
429090868.000000
352976.030653
821.265445
128526.117549
50206.000000
40262.000000
437764.386902
354353.008381
550046.181923
Case #89:
50577.120884
33643.346897
47357.860889
42877.762877
56547.732007
1121150.915557
243192.778574
15449.822301
15449.822301
30385.458583
Case #90:
1421987.950300
4017.604720
862171643.000000
8.000000
88149.000000
91959.000000
73295.007758
Case #91:
5307.430019
Case #92:
437888.234627
437888.234627
11661.609837
Case #93:
4.000000
91.438929
5.656854
5.656854
15.179317
2.000000
Case #94:
45.226517
101.508917
3286641.737818
31.141112
74711.000000
2.000000
71.050857
773.172975
114.065117
3286641.737818
Case #95:
2.000000
Case #96:
7926.873348
395.497427
2321.381933
3883.935296
451.608237
39988.000000
505.453827
7926.873348
Case #97:
508363823.997655
561167697.960945
Case #98:
47657.207884
1128431.400331
33301.000000
442076042.000000
Case #99:
172067.621863
35231.000000
3.162278
82.885463
35231.000000
623.199700
687.000000
623.199700
25491.415944
2023.889239
Case #100:
40291.820900
22.851034
31.922325
51709.962909
352.124473
3291.710014
608.610352
42490.922042
5558.508115
645.427374
